Diabetest2/app/build/outputs/logs/manifest-merger-debug-report.txt
-- Merging decision tree log ---
manifest
ADDED from src\main\AndroidManifest.xml:2:1-148:12
INJECTED from src\main\AndroidManifest.xml:2:1-148:12
INJECTED from src\main\AndroidManifest.xml:2:1-148:12
INJECTED from src\main\AndroidManifest.xml:2:1-148:12
MERGED from [com.android.support:design:26.1.0] AndroidManifest.xml:17:1-31:12
MERGED from [com.android.support:appcompat-v7:26.1.0] AndroidManifest.xml:17:1-31:12
MERGED from [com.android.support:gridlayout-v7:26.1.0] AndroidManifest.xml:17:1-28:12
MERGED from [com.android.volley:volley:1.1.0] AndroidManifest.xml:2:1-11:12
MERGED from [com.android.support.constraint:constraint-layout:1.1.0] AndroidManifest.xml:2:1-11:12
MERGED from [com.android.support:cardview-v7:26.1.0] AndroidManifest.xml:17:1-28:12
MERGED from [com.android.support:recyclerview-v7:26.1.0] AndroidManifest.xml:17:1-28:12
MERGED from [com.android.support:animated-vector-drawable:26.1.0] AndroidManifest.xml:17:1-28:12
MERGED from [com.android.support:support-vector-drawable:26.1.0] AndroidManifest.xml:17:1-28:12
MERGED from [com.android.support:transition:26.1.0] AndroidManifest.xml:17:1-28:12
MERGED from [com.android.support:support-v4:26.1.0] AndroidManifest.xml:17:1-31:12
MERGED from [com.android.support:support-fragment:26.1.0] AndroidManifest.xml:17:1-31:12
MERGED from [com.android.support:support-core-ui:26.1.0] AndroidManifest.xml:17:1-31:12
MERGED from [com.android.support:support-media-compat:26.1.0] AndroidManifest.xml:17:1-31:12
MERGED from [com.android.support:support-core-utils:26.1.0] AndroidManifest.xml:17:1-31:12
MERGED from [com.android.support:support-compat:26.1.0] AndroidManifest.xml:17:1-31:12
MERGED from [android.arch.lifecycle:runtime:1.0.0] AndroidManifest.xml:17:1-30:12
INJECTED from src\main\AndroidManifest.xml:2:1-148:12
INJECTED from src\main\AndroidManifest.xml:2:1-148:12
INJECTED from src\main\AndroidManifest.xml:2:1-148:12
	package
		ADDED from src\main\AndroidManifest.xml:3:5-42
		INJECTED from src\main\AndroidManifest.xml
		INJECTED from src\main\AndroidManifest.xml
	android:versionName
		INJECTED from src\main\AndroidManifest.xml
		ADDED from src\main\AndroidManifest.xml:2:1-148:12
		INJECTED from src\main\AndroidManifest.xml
	android:versionCode
		INJECTED from src\main\AndroidManifest.xml
		ADDED from src\main\AndroidManifest.xml:2:1-148:12
		INJECTED from src\main\AndroidManifest.xml
	xmlns:android
		ADDED from src\main\AndroidManifest.xml:2:11-69
uses-permission#android.permission.INTERNET
ADDED from src\main\AndroidManifest.xml:5:5-67
	android:name
		ADDED from src\main\AndroidManifest.xml:5:22-64
uses-permission#android.permission.ACCESS_NETWORK_STATE
ADDED from src\main\AndroidManifest.xml:6:5-79
	android:name
		ADDED from src\main\AndroidManifest.xml:6:22-76
uses-permission#android.permission.CAMERA
ADDED from src\main\AndroidManifest.xml:7:5-65
	android:name
		ADDED from src\main\AndroidManifest.xml:7:22-62
uses-permission#android.permission.WRITE_EXTERNAL_STORAGE
ADDED from src\main\AndroidManifest.xml:8:5-81
	android:name
		ADDED from src\main\AndroidManifest.xml:8:22-78
uses-permission#android.permission.READ_EXTERNAL_STORAGE
ADDED from src\main\AndroidManifest.xml:9:5-80
	android:name
		ADDED from src\main\AndroidManifest.xml:9:22-77
uses-permission#android.permission.VIBRATE
ADDED from src\main\AndroidManifest.xml:10:5-66
	android:name
		ADDED from src\main\AndroidManifest.xml:10:22-63
uses-permission#android.permission.READ_INTERNAL_STORAGE
ADDED from src\main\AndroidManifest.xml:11:5-80
	android:name
		ADDED from src\main\AndroidManifest.xml:11:22-77
uses-permission#android.permission.WRITE_INTERNAL_STORAGE
ADDED from src\main\AndroidManifest.xml:12:5-81
	android:name
		ADDED from src\main\AndroidManifest.xml:12:22-78
protected-broadcast
ADDED from src\main\AndroidManifest.xml:14:5-79
	android:name
		ADDED from src\main\AndroidManifest.xml:14:26-76
application
ADDED from src\main\AndroidManifest.xml:16:5-146:19
MERGED from [com.android.support:design:26.1.0] AndroidManifest.xml:25:5-29:19
MERGED from [com.android.support:design:26.1.0] AndroidManifest.xml:25:5-29:19
MERGED from [com.android.support:appcompat-v7:26.1.0] AndroidManifest.xml:25:5-29:19
MERGED from [com.android.support:appcompat-v7:26.1.0] AndroidManifest.xml:25:5-29:19
MERGED from [com.android.support:gridlayout-v7:26.1.0] AndroidManifest.xml:22:5-26:19
MERGED from [com.android.support:gridlayout-v7:26.1.0] AndroidManifest.xml:22:5-26:19
MERGED from [com.android.volley:volley:1.1.0] AndroidManifest.xml:9:5-20
MERGED from [com.android.volley:volley:1.1.0] AndroidManifest.xml:9:5-20
MERGED from [com.android.support.constraint:constraint-layout:1.1.0] AndroidManifest.xml:9:5-20
MERGED from [com.android.support.constraint:constraint-layout:1.1.0] AndroidManifest.xml:9:5-20
MERGED from [com.android.support:cardview-v7:26.1.0] AndroidManifest.xml:22:5-26:19
MERGED from [com.android.support:cardview-v7:26.1.0] AndroidManifest.xml:22:5-26:19
MERGED from [com.android.support:recyclerview-v7:26.1.0] AndroidManifest.xml:22:5-26:19
MERGED from [com.android.support:recyclerview-v7:26.1.0] AndroidManifest.xml:22:5-26:19
MERGED from [com.android.support:animated-vector-drawable:26.1.0] AndroidManifest.xml:22:5-26:19
MERGED from [com.android.support:animated-vector-drawable:26.1.0] AndroidManifest.xml:22:5-26:19
MERGED from [com.android.support:support-vector-drawable:26.1.0] AndroidManifest.xml:22:5-26:19
MERGED from [com.android.support:support-vector-drawable:26.1.0] AndroidManifest.xml:22:5-26:19
MERGED from [com.android.support:transition:26.1.0] AndroidManifest.xml:22:5-26:19
MERGED from [com.android.support:transition:26.1.0] AndroidManifest.xml:22:5-26:19
MERGED from [com.android.support:support-v4:26.1.0] AndroidManifest.xml:25:5-29:19
MERGED from [com.android.support:support-v4:26.1.0] AndroidManifest.xml:25:5-29:19
MERGED from [com.android.support:support-fragment:26.1.0] AndroidManifest.xml:25:5-29:19
MERGED from [com.android.support:support-fragment:26.1.0] AndroidManifest.xml:25:5-29:19
MERGED from [com.android.support:support-core-ui:26.1.0] AndroidManifest.xml:25:5-29:19
MERGED from [com.android.support:support-core-ui:26.1.0] AndroidManifest.xml:25:5-29:19
MERGED from [com.android.support:support-media-compat:26.1.0] AndroidManifest.xml:25:5-29:19
MERGED from [com.android.support:support-media-compat:26.1.0] AndroidManifest.xml:25:5-29:19
MERGED from [com.android.support:support-core-utils:26.1.0] AndroidManifest.xml:25:5-29:19
MERGED from [com.android.support:support-core-utils:26.1.0] AndroidManifest.xml:25:5-29:19
MERGED from [com.android.support:support-compat:26.1.0] AndroidManifest.xml:25:5-29:19
MERGED from [com.android.support:support-compat:26.1.0] AndroidManifest.xml:25:5-29:19
MERGED from [android.arch.lifecycle:runtime:1.0.0] AndroidManifest.xml:24:5-28:19
MERGED from [android.arch.lifecycle:runtime:1.0.0] AndroidManifest.xml:24:5-28:19
	android:screenOrientation
		ADDED from src\main\AndroidManifest.xml:22:9-45
	android:supportsRtl
		ADDED from src\main\AndroidManifest.xml:23:9-35
	android:label
		ADDED from src\main\AndroidManifest.xml:19:9-50
	android:roundIcon
		ADDED from src\main\AndroidManifest.xml:21:9-51
	android:largeHeap
		ADDED from src\main\AndroidManifest.xml:20:9-33
	android:icon
		ADDED from src\main\AndroidManifest.xml:18:9-46
	android:allowBackup
		ADDED from src\main\AndroidManifest.xml:17:9-35
	android:theme
		ADDED from src\main\AndroidManifest.xml:24:9-40
activity#juan.example.com.diabetest2.administrador.Inicio
ADDED from src\main\AndroidManifest.xml:25:9-31:20
	android:name
		ADDED from src\main\AndroidManifest.xml:25:19-55
intent-filter#action:name:android.intent.action.MAIN+category:name:android.intent.category.LAUNCHER
ADDED from src\main\AndroidManifest.xml:26:13-30:29
action#android.intent.action.MAIN
ADDED from src\main\AndroidManifest.xml:27:17-69
	android:name
		ADDED from src\main\AndroidManifest.xml:27:25-66
category#android.intent.category.LAUNCHER
ADDED from src\main\AndroidManifest.xml:29:17-77
	android:name
		ADDED from src\main\AndroidManifest.xml:29:27-74
activity#juan.example.com.diabetest2.profesional.CrearPaciente
ADDED from src\main\AndroidManifest.xml:32:9-63
	android:name
		ADDED from src\main\AndroidManifest.xml:32:19-60
activity#juan.example.com.diabetest2.profesional.DiagnosticoInicial
ADDED from src\main\AndroidManifest.xml:33:9-68
	android:name
		ADDED from src\main\AndroidManifest.xml:33:19-65
activity#juan.example.com.diabetest2.comunes.Usuario
ADDED from src\main\AndroidManifest.xml:34:9-53
	android:name
		ADDED from src\main\AndroidManifest.xml:34:19-50
activity#juan.example.com.diabetest2.paciente.FyC
ADDED from src\main\AndroidManifest.xml:35:9-50
	android:name
		ADDED from src\main\AndroidManifest.xml:35:19-47
activity#juan.example.com.diabetest2.profesional.Comorbilidad
ADDED from src\main\AndroidManifest.xml:36:9-62
	android:name
		ADDED from src\main\AndroidManifest.xml:36:19-59
activity#juan.example.com.diabetest2.profesional.Pacientes
ADDED from src\main\AndroidManifest.xml:37:9-39:52
	android:screenOrientation
		ADDED from src\main\AndroidManifest.xml:39:13-49
	android:name
		ADDED from src\main\AndroidManifest.xml:38:13-50
activity#juan.example.com.diabetest2.paciente.ApoyoSocial
ADDED from src\main\AndroidManifest.xml:40:9-58
	android:name
		ADDED from src\main\AndroidManifest.xml:40:19-55
activity#juan.example.com.diabetest2.paciente.EstiloVida
ADDED from src\main\AndroidManifest.xml:41:9-57
	android:name
		ADDED from src\main\AndroidManifest.xml:41:19-54
activity#juan.example.com.diabetest2.paciente.ActividadFisica
ADDED from src\main\AndroidManifest.xml:42:9-62
	android:name
		ADDED from src\main\AndroidManifest.xml:42:19-59
activity#juan.example.com.diabetest2.administrador.acercade
ADDED from src\main\AndroidManifest.xml:43:9-60
	android:name
		ADDED from src\main\AndroidManifest.xml:43:19-57
activity#juan.example.com.diabetest2.comunes.CrearRecurso
ADDED from src\main\AndroidManifest.xml:44:9-58
	android:name
		ADDED from src\main\AndroidManifest.xml:44:19-55
activity#juan.example.com.diabetest2.comunes.ModificarRecurso
ADDED from src\main\AndroidManifest.xml:45:9-62
	android:name
		ADDED from src\main\AndroidManifest.xml:45:19-59
activity#juan.example.com.diabetest2.comunes.Recursos
ADDED from src\main\AndroidManifest.xml:46:9-48:52
	android:screenOrientation
		ADDED from src\main\AndroidManifest.xml:48:13-49
	android:name
		ADDED from src\main\AndroidManifest.xml:47:13-45
activity#juan.example.com.diabetest2.paciente.Evolucion
ADDED from src\main\AndroidManifest.xml:49:9-56
	android:name
		ADDED from src\main\AndroidManifest.xml:49:19-53
activity#juan.example.com.diabetest2.comunes.Mensajes
ADDED from src\main\AndroidManifest.xml:50:9-54:59
	android:screenOrientation
		ADDED from src\main\AndroidManifest.xml:53:13-49
	android:label
		ADDED from src\main\AndroidManifest.xml:52:13-54
	android:theme
		ADDED from src\main\AndroidManifest.xml:54:13-56
	android:name
		ADDED from src\main\AndroidManifest.xml:51:13-45
activity#juan.example.com.diabetest2.paciente.MenuPaciente
ADDED from src\main\AndroidManifest.xml:55:9-58:59
	android:label
		ADDED from src\main\AndroidManifest.xml:57:13-54
	android:theme
		ADDED from src\main\AndroidManifest.xml:58:13-56
	android:name
		ADDED from src\main\AndroidManifest.xml:56:13-50
activity#juan.example.com.diabetest2.profesional.MenuProfesional
ADDED from src\main\AndroidManifest.xml:59:9-62:59
	android:label
		ADDED from src\main\AndroidManifest.xml:61:13-54
	android:theme
		ADDED from src\main\AndroidManifest.xml:62:13-56
	android:name
		ADDED from src\main\AndroidManifest.xml:60:13-56
activity#juan.example.com.diabetest2.paciente.Animo
ADDED from src\main\AndroidManifest.xml:63:9-52
	android:name
		ADDED from src\main\AndroidManifest.xml:63:19-49
activity#juan.example.com.diabetest2.comunes.CrearMensaje
ADDED from src\main\AndroidManifest.xml:64:9-58
	android:name
		ADDED from src\main\AndroidManifest.xml:64:19-55
activity#juan.example.com.diabetest2.comunes.Comunidad
ADDED from src\main\AndroidManifest.xml:65:9-55
	android:name
		ADDED from src\main\AndroidManifest.xml:65:19-52
activity#juan.example.com.diabetest2.comunes.CrearComunidad
ADDED from src\main\AndroidManifest.xml:66:9-60
	android:name
		ADDED from src\main\AndroidManifest.xml:66:19-57
activity#juan.example.com.diabetest2.paciente.Aep
ADDED from src\main\AndroidManifest.xml:67:9-50
	android:name
		ADDED from src\main\AndroidManifest.xml:67:19-47
activity#juan.example.com.diabetest2.comunes.VerRecurso
ADDED from src\main\AndroidManifest.xml:68:9-56
	android:name
		ADDED from src\main\AndroidManifest.xml:68:19-53
activity#juan.example.com.diabetest2.administrador.Administracion
ADDED from src\main\AndroidManifest.xml:69:9-66
	android:name
		ADDED from src\main\AndroidManifest.xml:69:19-63
activity#juan.example.com.diabetest2.administrador.CrearProfesional
ADDED from src\main\AndroidManifest.xml:70:9-68
	android:name
		ADDED from src\main\AndroidManifest.xml:70:19-65
activity#juan.example.com.diabetest2.paciente.DetallePaciente
ADDED from src\main\AndroidManifest.xml:71:9-62
	android:name
		ADDED from src\main\AndroidManifest.xml:71:19-59
service#juan.example.com.diabetest2.administrador.ServicioDT2
ADDED from src\main\AndroidManifest.xml:73:9-62
	android:name
		ADDED from src\main\AndroidManifest.xml:73:18-59
activity#juan.example.com.diabetest2.comunes.DiscusionComunidad
ADDED from src\main\AndroidManifest.xml:75:9-64
	android:name
		ADDED from src\main\AndroidManifest.xml:75:19-61
activity#juan.example.com.diabetest2.comunes.ComentarTema
ADDED from src\main\AndroidManifest.xml:76:9-58
	android:name
		ADDED from src\main\AndroidManifest.xml:76:19-55
activity#juan.example.com.diabetest2.profesional.ConsentimientoPro
ADDED from src\main\AndroidManifest.xml:77:9-67
	android:name
		ADDED from src\main\AndroidManifest.xml:77:19-64
activity#juan.example.com.diabetest2.paciente.Consentimiento
ADDED from src\main\AndroidManifest.xml:78:9-61
	android:name
		ADDED from src\main\AndroidManifest.xml:78:19-58
activity#juan.example.com.diabetest2.familiar.MenuFamiliar
ADDED from src\main\AndroidManifest.xml:79:9-82:59
	android:label
		ADDED from src\main\AndroidManifest.xml:81:13-54
	android:theme
		ADDED from src\main\AndroidManifest.xml:82:13-56
	android:name
		ADDED from src\main\AndroidManifest.xml:80:13-50
activity#juan.example.com.diabetest2.comunes.Informacion
ADDED from src\main\AndroidManifest.xml:83:9-85:52
	android:screenOrientation
		ADDED from src\main\AndroidManifest.xml:85:13-49
	android:name
		ADDED from src\main\AndroidManifest.xml:84:13-48
activity#juan.example.com.diabetest2.comunes.VerInformacion
ADDED from src\main\AndroidManifest.xml:86:9-60
	android:name
		ADDED from src\main\AndroidManifest.xml:86:19-57
activity#juan.example.com.diabetest2.paciente.PesoIMC
ADDED from src\main\AndroidManifest.xml:87:9-54
	android:name
		ADDED from src\main\AndroidManifest.xml:87:19-51
activity#juan.example.com.diabetest2.paciente.Hba1c
ADDED from src\main\AndroidManifest.xml:88:9-52
	android:name
		ADDED from src\main\AndroidManifest.xml:88:19-49
activity#juan.example.com.diabetest2.profesional.Observaciones
ADDED from src\main\AndroidManifest.xml:89:9-63
	android:name
		ADDED from src\main\AndroidManifest.xml:89:19-60
activity#juan.example.com.diabetest2.profesional.CrearObservacion
ADDED from src\main\AndroidManifest.xml:90:9-66
	android:name
		ADDED from src\main\AndroidManifest.xml:90:19-63
activity#juan.example.com.diabetest2.paciente.Metas
ADDED from src\main\AndroidManifest.xml:91:9-52
	android:name
		ADDED from src\main\AndroidManifest.xml:91:19-49
activity#juan.example.com.diabetest2.paciente.Medicamentos
ADDED from src\main\AndroidManifest.xml:92:9-59
	android:name
		ADDED from src\main\AndroidManifest.xml:92:19-56
activity#juan.example.com.diabetest2.comunes.HabitosSaludables
ADDED from src\main\AndroidManifest.xml:93:9-63
	android:name
		ADDED from src\main\AndroidManifest.xml:93:19-60
activity#juan.example.com.diabetest2.paciente.CrearMedicamento
ADDED from src\main\AndroidManifest.xml:94:9-63
	android:name
		ADDED from src\main\AndroidManifest.xml:94:19-60
activity#juan.example.com.diabetest2.comunes.CrearHabito
ADDED from src\main\AndroidManifest.xml:95:9-57
	android:name
		ADDED from src\main\AndroidManifest.xml:95:19-54
activity#juan.example.com.diabetest2.comunes.VerHabito
ADDED from src\main\AndroidManifest.xml:96:9-55
	android:name
		ADDED from src\main\AndroidManifest.xml:96:19-52
activity#juan.example.com.diabetest2.profesional.EncuestaProfesionales
ADDED from src\main\AndroidManifest.xml:97:9-71
	android:name
		ADDED from src\main\AndroidManifest.xml:97:19-68
activity#juan.example.com.diabetest2.paciente.misiones
ADDED from src\main\AndroidManifest.xml:98:9-55
	android:name
		ADDED from src\main\AndroidManifest.xml:98:19-52
activity#juan.example.com.diabetest2.PasosMision
ADDED from src\main\AndroidManifest.xml:99:9-102:59
	android:label
		ADDED from src\main\AndroidManifest.xml:101:13-64
	android:theme
		ADDED from src\main\AndroidManifest.xml:102:13-56
	android:name
		ADDED from src\main\AndroidManifest.xml:100:13-40
activity#juan.example.com.diabetest2.profesional.SeleccionMP
ADDED from src\main\AndroidManifest.xml:103:9-106:59
	android:label
		ADDED from src\main\AndroidManifest.xml:105:13-64
	android:theme
		ADDED from src\main\AndroidManifest.xml:106:13-56
	android:name
		ADDED from src\main\AndroidManifest.xml:104:13-52
activity#juan.example.com.diabetest2.profesional.GeneralMision
ADDED from src\main\AndroidManifest.xml:107:9-110:59
	android:label
		ADDED from src\main\AndroidManifest.xml:109:13-66
	android:theme
		ADDED from src\main\AndroidManifest.xml:110:13-56
	android:name
		ADDED from src\main\AndroidManifest.xml:108:13-54
activity#juan.example.com.diabetest2.profesional.MisionProf
ADDED from src\main\AndroidManifest.xml:111:9-114:59
	android:label
		ADDED from src\main\AndroidManifest.xml:113:13-63
	android:theme
		ADDED from src\main\AndroidManifest.xml:114:13-56
	android:name
		ADDED from src\main\AndroidManifest.xml:112:13-51
activity#juan.example.com.diabetest2.profesional.MisionSelProf
ADDED from src\main\AndroidManifest.xml:115:9-63
	android:name
		ADDED from src\main\AndroidManifest.xml:115:19-60
activity#juan.example.com.diabetest2.profesional.Mision_Gen_Prof
ADDED from src\main\AndroidManifest.xml:116:9-65
	android:name
		ADDED from src\main\AndroidManifest.xml:116:19-62
activity#juan.example.com.diabetest2.profesional.AgMision
ADDED from src\main\AndroidManifest.xml:117:9-58
	android:name
		ADDED from src\main\AndroidManifest.xml:117:19-55
activity#juan.example.com.diabetest2.profesional.Creamisg
ADDED from src\main\AndroidManifest.xml:118:9-58
	android:name
		ADDED from src\main\AndroidManifest.xml:118:19-55
activity#juan.example.com.diabetest2.profesional.Crearmisg2
ADDED from src\main\AndroidManifest.xml:119:9-60
	android:name
		ADDED from src\main\AndroidManifest.xml:119:19-57
activity#juan.example.com.diabetest2.profesional.CompmisionProf
ADDED from src\main\AndroidManifest.xml:120:9-64
	android:name
		ADDED from src\main\AndroidManifest.xml:120:19-61
activity#juan.example.com.diabetest2.profesional.ag_logro
ADDED from src\main\AndroidManifest.xml:121:9-58
	android:name
		ADDED from src\main\AndroidManifest.xml:121:19-55
activity#juan.example.com.diabetest2.profesional.BuscLogro
ADDED from src\main\AndroidManifest.xml:122:9-59
	android:name
		ADDED from src\main\AndroidManifest.xml:122:19-56
activity#juan.example.com.diabetest2.profesional.controlesLog
ADDED from src\main\AndroidManifest.xml:123:9-126:59
	android:label
		ADDED from src\main\AndroidManifest.xml:125:13-65
	android:theme
		ADDED from src\main\AndroidManifest.xml:126:13-56
	android:name
		ADDED from src\main\AndroidManifest.xml:124:13-53
activity#juan.example.com.diabetest2.profesional.logros.EditLog
ADDED from src\main\AndroidManifest.xml:127:9-64
	android:name
		ADDED from src\main\AndroidManifest.xml:127:19-61
activity#juan.example.com.diabetest2.profesional.activity_encuestas_crud
ADDED from src\main\AndroidManifest.xml:128:9-73
	android:name
		ADDED from src\main\AndroidManifest.xml:128:19-70
activity#juan.example.com.diabetest2.profesional.Crearmisg3
ADDED from src\main\AndroidManifest.xml:129:9-60
	android:name
		ADDED from src\main\AndroidManifest.xml:129:19-57
activity#juan.example.com.diabetest2.profesional.Pruebcon
ADDED from src\main\AndroidManifest.xml:130:9-58
	android:name
		ADDED from src\main\AndroidManifest.xml:130:19-55
activity#juan.example.com.diabetest2.profesional.Crearmisg4
ADDED from src\main\AndroidManifest.xml:131:9-60
	android:name
		ADDED from src\main\AndroidManifest.xml:131:19-57
activity#juan.example.com.diabetest2.profesional.Crearmisg5
ADDED from src\main\AndroidManifest.xml:132:9-60
	android:name
		ADDED from src\main\AndroidManifest.xml:132:19-57
activity#juan.example.com.diabetest2.profesional.crearmisgmedi
ADDED from src\main\AndroidManifest.xml:133:9-63
	android:name
		ADDED from src\main\AndroidManifest.xml:133:19-60
activity#juan.example.com.diabetest2.profesional.misioncruds.Medicamentosm
ADDED from src\main\AndroidManifest.xml:134:9-75
	android:name
		ADDED from src\main\AndroidManifest.xml:134:19-72
activity#juan.example.com.diabetest2.profesional.misioncruds.Forosm
ADDED from src\main\AndroidManifest.xml:135:9-68
	android:name
		ADDED from src\main\AndroidManifest.xml:135:19-65
activity#juan.example.com.diabetest2.profesional.misioncruds.habitosm
ADDED from src\main\AndroidManifest.xml:136:9-70
	android:name
		ADDED from src\main\AndroidManifest.xml:136:19-67
activity#juan.example.com.diabetest2.profesional.misioncruds.Encuestas
ADDED from src\main\AndroidManifest.xml:137:9-71
	android:name
		ADDED from src\main\AndroidManifest.xml:137:19-68
activity#juan.example.com.diabetest2.profesional.misioncruds.mededit
ADDED from src\main\AndroidManifest.xml:138:9-69
	android:name
		ADDED from src\main\AndroidManifest.xml:138:19-66
activity#juan.example.com.diabetest2.profesional.misioncruds.Medcrear
ADDED from src\main\AndroidManifest.xml:139:9-70
	android:name
		ADDED from src\main\AndroidManifest.xml:139:19-67
activity#juan.example.com.diabetest2.profesional.crudmision
ADDED from src\main\AndroidManifest.xml:140:9-60
	android:name
		ADDED from src\main\AndroidManifest.xml:140:19-57
activity#juan.example.com.diabetest2.profesional.misionitem
ADDED from src\main\AndroidManifest.xml:141:9-60
	android:name
		ADDED from src\main\AndroidManifest.xml:141:19-57
activity#juan.example.com.diabetest2.profesional.Profemodificar
ADDED from src\main\AndroidManifest.xml:142:9-64
	android:name
		ADDED from src\main\AndroidManifest.xml:142:19-61
activity#juan.example.com.diabetest2.profesional.modmision.Modmisp
ADDED from src\main\AndroidManifest.xml:143:9-67
	android:name
		ADDED from src\main\AndroidManifest.xml:143:19-64
activity#juan.example.com.diabetest2.profesional.modmision.Basico
ADDED from src\main\AndroidManifest.xml:144:9-66
	android:name
		ADDED from src\main\AndroidManifest.xml:144:19-63
activity#juan.example.com.diabetest2.profesional.modmision.Pasosmod
ADDED from src\main\AndroidManifest.xml:145:9-77
	android:name
		ADDED from src\main\AndroidManifest.xml:145:19-65
uses-sdk
INJECTED from src\main\AndroidManifest.xml reason: use-sdk injection requested
INJECTED from src\main\AndroidManifest.xml
INJECTED from src\main\AndroidManifest.xml
MERGED from [com.android.support:design:26.1.0] AndroidManifest.xml:21:5-23:62
MERGED from [com.android.support:design:26.1.0] AndroidManifest.xml:21:5-23:62
MERGED from [com.android.support:appcompat-v7:26.1.0] AndroidManifest.xml:21:5-23:78
MERGED from [com.android.support:appcompat-v7:26.1.0] AndroidManifest.xml:21:5-23:78
MERGED from [com.android.support:gridlayout-v7:26.1.0] AndroidManifest.xml:20:5-44
MERGED from [com.android.support:gridlayout-v7:26.1.0] AndroidManifest.xml:20:5-44
MERGED from [com.android.volley:volley:1.1.0] AndroidManifest.xml:7:5-43
MERGED from [com.android.volley:volley:1.1.0] AndroidManifest.xml:7:5-43
MERGED from [com.android.support.constraint:constraint-layout:1.1.0] AndroidManifest.xml:5:5-7:41
MERGED from [com.android.support.constraint:constraint-layout:1.1.0] AndroidManifest.xml:5:5-7:41
MERGED from [com.android.support:cardview-v7:26.1.0] AndroidManifest.xml:20:5-44
MERGED from [com.android.support:cardview-v7:26.1.0] AndroidManifest.xml:20:5-44
MERGED from [com.android.support:recyclerview-v7:26.1.0] AndroidManifest.xml:20:5-44
MERGED from [com.android.support:recyclerview-v7:26.1.0] AndroidManifest.xml:20:5-44
MERGED from [com.android.support:animated-vector-drawable:26.1.0] AndroidManifest.xml:20:5-44
MERGED from [com.android.support:animated-vector-drawable:26.1.0] AndroidManifest.xml:20:5-44
MERGED from [com.android.support:support-vector-drawable:26.1.0] AndroidManifest.xml:20:5-44
MERGED from [com.android.support:support-vector-drawable:26.1.0] AndroidManifest.xml:20:5-44
MERGED from [com.android.support:transition:26.1.0] AndroidManifest.xml:20:5-44
MERGED from [com.android.support:transition:26.1.0] AndroidManifest.xml:20:5-44
MERGED from [com.android.support:support-v4:26.1.0] AndroidManifest.xml:21:5-23:54
MERGED from [com.android.support:support-v4:26.1.0] AndroidManifest.xml:21:5-23:54
MERGED from [com.android.support:support-fragment:26.1.0] AndroidManifest.xml:21:5-23:60
MERGED from [com.android.support:support-fragment:26.1.0] AndroidManifest.xml:21:5-23:60
MERGED from [com.android.support:support-core-ui:26.1.0] AndroidManifest.xml:21:5-23:58
MERGED from [com.android.support:support-core-ui:26.1.0] AndroidManifest.xml:21:5-23:58
MERGED from [com.android.support:support-media-compat:26.1.0] AndroidManifest.xml:21:5-23:63
MERGED from [com.android.support:support-media-compat:26.1.0] AndroidManifest.xml:21:5-23:63
MERGED from [com.android.support:support-core-utils:26.1.0] AndroidManifest.xml:21:5-23:61
MERGED from [com.android.support:support-core-utils:26.1.0] AndroidManifest.xml:21:5-23:61
MERGED from [com.android.support:support-compat:26.1.0] AndroidManifest.xml:21:5-23:58
MERGED from [com.android.support:support-compat:26.1.0] AndroidManifest.xml:21:5-23:58
MERGED from [android.arch.lifecycle:runtime:1.0.0] AndroidManifest.xml:20:5-22:41
MERGED from [android.arch.lifecycle:runtime:1.0.0] AndroidManifest.xml:20:5-22:41
INJECTED from src\main\AndroidManifest.xml
INJECTED from src\main\AndroidManifest.xml
	tools:overrideLibrary
		ADDED from [com.android.support:design:26.1.0] AndroidManifest.xml:23:9-59
	android:targetSdkVersion
		INJECTED from src\main\AndroidManifest.xml
		ADDED from src\main\AndroidManifest.xml
		INJECTED from src\main\AndroidManifest.xml
	android:minSdkVersion
		INJECTED from src\main\AndroidManifest.xml
		ADDED from src\main\AndroidManifest.xml
		INJECTED from src\main\AndroidManifest.xml
meta-data#android.support.VERSION
ADDED from [com.android.support:design:26.1.0] AndroidManifest.xml:26:9-28:38
MERGED from [com.android.support:appcompat-v7:26.1.0] AndroidManifest.xml:26:9-28:38
MERGED from [com.android.support:appcompat-v7:26.1.0] AndroidManifest.xml:26:9-28:38
MERGED from [com.android.support:gridlayout-v7:26.1.0] AndroidManifest.xml:23:9-25:38
MERGED from [com.android.support:gridlayout-v7:26.1.0] AndroidManifest.xml:23:9-25:38
MERGED from [com.android.support:cardview-v7:26.1.0] AndroidManifest.xml:23:9-25:38
MERGED from [com.android.support:cardview-v7:26.1.0] AndroidManifest.xml:23:9-25:38
MERGED from [com.android.support:recyclerview-v7:26.1.0] AndroidManifest.xml:23:9-25:38
MERGED from [com.android.support:recyclerview-v7:26.1.0] AndroidManifest.xml:23:9-25:38
MERGED from [com.android.support:animated-vector-drawable:26.1.0] AndroidManifest.xml:23:9-25:38
MERGED from [com.android.support:animated-vector-drawable:26.1.0] AndroidManifest.xml:23:9-25:38
MERGED from [com.android.support:support-vector-drawable:26.1.0] AndroidManifest.xml:23:9-25:38
MERGED from [com.android.support:support-vector-drawable:26.1.0] AndroidManifest.xml:23:9-25:38
MERGED from [com.android.support:transition:26.1.0] AndroidManifest.xml:23:9-25:38
MERGED from [com.android.support:transition:26.1.0] AndroidManifest.xml:23:9-25:38
MERGED from [com.android.support:support-v4:26.1.0] AndroidManifest.xml:26:9-28:38
MERGED from [com.android.support:support-v4:26.1.0] AndroidManifest.xml:26:9-28:38
MERGED from [com.android.support:support-fragment:26.1.0] AndroidManifest.xml:26:9-28:38
MERGED from [com.android.support:support-fragment:26.1.0] AndroidManifest.xml:26:9-28:38
MERGED from [com.android.support:support-core-ui:26.1.0] AndroidManifest.xml:26:9-28:38
MERGED from [com.android.support:support-core-ui:26.1.0] AndroidManifest.xml:26:9-28:38
MERGED from [com.android.support:support-media-compat:26.1.0] AndroidManifest.xml:26:9-28:38
MERGED from [com.android.support:support-media-compat:26.1.0] AndroidManifest.xml:26:9-28:38
MERGED from [com.android.support:support-core-utils:26.1.0] AndroidManifest.xml:26:9-28:38
MERGED from [com.android.support:support-core-utils:26.1.0] AndroidManifest.xml:26:9-28:38
MERGED from [com.android.support:support-compat:26.1.0] AndroidManifest.xml:26:9-28:38
MERGED from [com.android.support:support-compat:26.1.0] AndroidManifest.xml:26:9-28:38
	android:value
		ADDED from [com.android.support:design:26.1.0] AndroidManifest.xml:28:13-35
	android:name
		ADDED from [com.android.support:design:26.1.0] AndroidManifest.xml:27:13-51
meta-data#android.arch.lifecycle.VERSION
ADDED from [android.arch.lifecycle:runtime:1.0.0] AndroidManifest.xml:25:9-27:47
	android:value
		ADDED from [android.arch.lifecycle:runtime:1.0.0] AndroidManifest.xml:27:13-44
	android:name
		ADDED from [android.arch.lifecycle:runtime:1.0.0] AndroidManifest.xml:26:13-58